Release 6.3.01i - xst G.36
Copyright (c) 1995-2004 Xilinx, Inc.  All rights reserved.
--> Parameter TMPDIR set to __projnav
CPU : 0.00 / 0.36 s | Elapsed : 0.00 / 1.00 s
 
--> Parameter xsthdpdir set to ./xst
CPU : 0.00 / 0.36 s | Elapsed : 0.00 / 1.00 s
 
--> Reading design: contador.prj

TABLE OF CONTENTS
  1) Synthesis Options Summary
  2) HDL Compilation
  3) HDL Analysis
  4) HDL Synthesis
  5) Advanced HDL Synthesis
     5.1) HDL Synthesis Report
  6) Low Level Synthesis
  7) Final Report
     7.1) Device utilization summary
     7.2) TIMING REPORT


=========================================================================
*                      Synthesis Options Summary                        *
=========================================================================
---- Source Parameters
Input File Name                    : contador.prj
Input Format                       : mixed
Ignore Synthesis Constraint File   : NO
Verilog Include Directory          : 

---- Target Parameters
Output File Name                   : contador
Output Format                      : NGC
Target Device                      : xc2s200-6-pq208

---- Source Options
Top Module Name                    : contador
Automatic FSM Extraction           : YES
FSM Encoding Algorithm             : Auto
FSM Style                          : lut
RAM Extraction                     : Yes
RAM Style                          : Auto
ROM Extraction                     : Yes
ROM Style                          : Auto
Mux Extraction                     : YES
Mux Style                          : Auto
Decoder Extraction                 : YES
Priority Encoder Extraction        : YES
Shift Register Extraction          : YES
Logical Shifter Extraction         : YES
XOR Collapsing                     : YES
Resource Sharing                   : YES
Multiplier Style                   : lut
Automatic Register Balancing       : No

---- Target Options
Add IO Buffers                     : YES
Global Maximum Fanout              : 100
Add Generic Clock Buffer(BUFG)     : 4
Register Duplication               : YES
Equivalent register Removal        : YES
Slice Packing                      : YES
Pack IO Registers into IOBs        : auto

---- General Options
Optimization Goal                  : Speed
Optimization Effort                : 1
Keep Hierarchy                     : NO
Global Optimization                : AllClockNets
RTL Output                         : Yes
Write Timing Constraints           : NO
Hierarchy Separator                : _
Bus Delimiter                      : <>
Case Specifier                     : maintain
Slice Utilization Ratio            : 100
Slice Utilization Ratio Delta      : 5

---- Other Options
lso                                : contador.lso
Read Cores                         : YES
cross_clock_analysis               : NO
verilog2001                        : YES
Optimize Instantiated Primitives   : NO
tristate2logic                     : No

=========================================================================


=========================================================================
*                          HDL Compilation                              *
=========================================================================
Compiling source file "contador.v"
Module <contador> compiled
No errors in compilation
Analysis of file <contador.prj> succeeded.
 

=========================================================================
*                            HDL Analysis                               *
=========================================================================
Analyzing top module <contador>.
ERROR:Xst:1884 - contador.v line 1: Module <contador> has no port.
 
Found 1 error(s). Aborting synthesis.
--> 

Total memory usage is 49648 kilobytes


