--------------------------------------------------------------------------------
Release 6.2i Trace G.28
Copyright (c) 1995-2004 Xilinx, Inc.  All rights reserved.

C:/Xilinx/bin/nt/trce.exe -intstyle ise -e 3 -l 3 -xml descodificador_bin2hex
descodificador_bin2hex.ncd -o descodificador_bin2hex.twr
descodificador_bin2hex.pcf


Design file:              descodificador_bin2hex.ncd
Physical constraint file: descodificador_bin2hex.pcf
Device,speed:             xc2s200,-6 (PRODUCTION 1.27 2003-12-13)
Report level:             error report

Environment Variable      Effect 
--------------------      ------ 
NONE                      No environment variables were set
--------------------------------------------------------------------------------

INFO:Timing:2698 - No timing constraints found, doing default enumeration.
INFO:Timing:2752 - To get complete path coverage, use the unconstrained paths
   option. All paths that are not constrained will be reported in the
   unconstrained paths section(s) of the report.


Data Sheet report:
-----------------
All values displayed in nanoseconds (ns)

Pad to Pad
---------------+---------------+---------+
Source Pad     |Destination Pad|  Delay  |
---------------+---------------+---------+
b0             |a              |   11.272|
b0             |b              |   10.548|
b0             |c              |   11.596|
b0             |d              |   11.877|
b0             |e              |   11.524|
b0             |f              |   11.966|
b0             |g              |   11.346|
b0             |p              |   10.948|
b1             |a              |   10.969|
b1             |b              |   10.685|
b1             |c              |   11.814|
b1             |d              |   11.739|
b1             |e              |   11.512|
b1             |f              |   12.195|
b1             |g              |   11.507|
b1             |p              |   11.370|
b2             |a              |   10.990|
b2             |b              |   10.837|
b2             |c              |   11.788|
b2             |d              |   11.866|
b2             |e              |   11.479|
b2             |f              |   11.810|
b2             |g              |   11.581|
b2             |p              |   11.428|
b3             |a              |   12.085|
b3             |b              |   11.665|
b3             |c              |   12.738|
b3             |d              |   12.598|
b3             |e              |   12.462|
b3             |f              |   12.803|
b3             |g              |   12.359|
---------------+---------------+---------+

Analysis completed Mon Mar 19 09:57:15 2007
--------------------------------------------------------------------------------

Peak Memory Usage: 45 MB
